<?xml version="1.0" encoding="UTF-8"?>
<!-- Generated by org.testng.reporters.JUnitReportReporter -->
<testsuite hostname="DESKTOP-GH9PSVH" failures="0" tests="1" name="com.project.tescases.TC_LoginTest_001" time="6.386" errors="0" timestamp="2020-12-11T19:53:20 IST" skipped="0">
  <testcase classname="com.project.tescases.TC_LoginTest_001" name="loginTest" time="6.386"/>
  <system-out/>
</testsuite> <!-- com.project.tescases.TC_LoginTest_001 -->
